<html>
<head>
<title>TestNG:  Default test</title>
<link href="../testng.css" rel="stylesheet" type="text/css" />
<link href="../my-testng.css" rel="stylesheet" type="text/css" />

<style type="text/css">
.log { display: none;} 
.stack-trace { display: none;} 
</style>
<script type="text/javascript">
<!--
function flip(e) {
  current = e.style.display;
  if (current == 'block') {
    e.style.display = 'none';
    return 0;
  }
  else {
    e.style.display = 'block';
    return 1;
  }
}

function toggleBox(szDivId, elem, msg1, msg2)
{
  var res = -1;  if (document.getElementById) {
    res = flip(document.getElementById(szDivId));
  }
  else if (document.all) {
    // this is the way old msie versions work
    res = flip(document.all[szDivId]);
  }
  if(elem) {
    if(res == 0) elem.innerHTML = msg1; else elem.innerHTML = msg2;
  }

}

function toggleAllBoxes() {
  if (document.getElementsByTagName) {
    d = document.getElementsByTagName('div');
    for (i = 0; i < d.length; i++) {
      if (d[i].className == 'log') {
        flip(d[i]);
      }
    }
  }
}

// -->
</script>

</head>
<body>
<h2 align='center'>Default test</h2><table border='1' align="center">
<tr>
<td>Tests passed/Failed/Skipped:</td><td>23/4/0</td>
</tr><tr>
<td>Started on:</td><td>Tue Feb 07 22:34:39 EST 2023</td>
</tr>
<tr><td>Total time:</td><td>84 seconds (84146 ms)</td>
</tr><tr>
<td>Included groups:</td><td></td>
</tr><tr>
<td>Excluded groups:</td><td></td>
</tr>
</table><p/>
<small><i>(Hover the method name to see the test class name)</i></small><p/>
<table width='100%' border='1' class='invocation-failed'>
<tr><td colspan='4' align='center'><b>FAILED TESTS</b></td></tr>
<tr><td><b>Test method</b></td>
<td><b>Attribute(s)</b></td>
<td width="30%"><b>Exception</b></td>
<td width="10%"><b>Time (seconds)</b></td>
<td><b>Instance</b></td>
</tr>
<tr>
<td title='runner.TestRunner.runScenario()'><b>runScenario</b><br>Test class: runner.TestRunner<br>Test method: Runs Cucumber Scenarios<br>Parameters: "Validation of Submit button in Practice Questions page for Max Consecutive Ones link", "Validation of Array Page"</td>
<td><div><pre>java.lang.AssertionError: User gets submission message expected [submission success] but found [ Some Tests failed. Please review code]
	at org.testng.Assert.fail(Assert.java:110)
	at org.testng.Assert.failNotEquals(Assert.java:1413)
	at org.testng.Assert.assertEqualsImpl(Assert.java:149)
	at org.testng.Assert.assertEquals(Assert.java:131)
	at org.testng.Assert.assertEquals(Assert.java:655)
	at stepdefinition.ArrayPage_SD.user_should_get_success_submission_message(ArrayPage_SD.java:265)
	at ?.User should get success submission message(file:///C:/Users/arunm/git/ds_algo_ninjaricos/src/test/resources/Features/TC05_Array.feature:189)
</pre></div><a href='#' onClick='toggleBox("stack-trace7131630", this, "Click to show all stack frames", "Click to hide stack frames")'>Click to show all stack frames</a>
<div class='stack-trace' id='stack-trace7131630'><pre>java.lang.AssertionError: User gets submission message expected [submission success] but found [ Some Tests failed. Please review code]
	at org.testng.Assert.fail(Assert.java:110)
	at org.testng.Assert.failNotEquals(Assert.java:1413)
	at org.testng.Assert.assertEqualsImpl(Assert.java:149)
	at org.testng.Assert.assertEquals(Assert.java:131)
	at org.testng.Assert.assertEquals(Assert.java:655)
	at stepdefinition.ArrayPage_SD.user_should_get_success_submission_message(ArrayPage_SD.java:265)
	at ?.User should get success submission message(file:///C:/Users/arunm/git/ds_algo_ninjaricos/src/test/resources/Features/TC05_Array.feature:189)
</pre></div></td>
<td>4</td>
<td>runner.TestRunner@55493582</td></tr>
<tr>
<td title='runner.TestRunner.runScenario()'><b>runScenario</b><br>Test class: runner.TestRunner<br>Test method: Runs Cucumber Scenarios<br>Parameters: "Validation of Submit button in Practice Questions page for Find Numbers with Even Numbers of Digits link", "Validation of Array Page"</td>
<td><div><pre>java.lang.AssertionError: User gets submission message expected [submission success] but found [ No tests were collected]
	at org.testng.Assert.fail(Assert.java:110)
	at org.testng.Assert.failNotEquals(Assert.java:1413)
	at org.testng.Assert.assertEqualsImpl(Assert.java:149)
	at org.testng.Assert.assertEquals(Assert.java:131)
	at org.testng.Assert.assertEquals(Assert.java:655)
	at stepdefinition.ArrayPage_SD.user_should_get_success_submission_message(ArrayPage_SD.java:265)
	at ?.User should get success submission message(file:///C:/Users/arunm/git/ds_algo_ninjaricos/src/test/resources/Features/TC05_Array.feature:241)
</pre></div><a href='#' onClick='toggleBox("stack-trace568148058", this, "Click to show all stack frames", "Click to hide stack frames")'>Click to show all stack frames</a>
<div class='stack-trace' id='stack-trace568148058'><pre>java.lang.AssertionError: User gets submission message expected [submission success] but found [ No tests were collected]
	at org.testng.Assert.fail(Assert.java:110)
	at org.testng.Assert.failNotEquals(Assert.java:1413)
	at org.testng.Assert.assertEqualsImpl(Assert.java:149)
	at org.testng.Assert.assertEquals(Assert.java:131)
	at org.testng.Assert.assertEquals(Assert.java:655)
	at stepdefinition.ArrayPage_SD.user_should_get_success_submission_message(ArrayPage_SD.java:265)
	at ?.User should get success submission message(file:///C:/Users/arunm/git/ds_algo_ninjaricos/src/test/resources/Features/TC05_Array.feature:241)
</pre></div></td>
<td>3</td>
<td>runner.TestRunner@55493582</td></tr>
<tr>
<td title='runner.TestRunner.runScenario()'><b>runScenario</b><br>Test class: runner.TestRunner<br>Test method: Runs Cucumber Scenarios<br>Parameters: "Validation of Submit button in Practice Questions page for Search for Array link", "Validation of Array Page"</td>
<td><div><pre>java.lang.AssertionError: User gets submission message expected [submission success] but found [ Some Tests failed. Please review code]
	at org.testng.Assert.fail(Assert.java:110)
	at org.testng.Assert.failNotEquals(Assert.java:1413)
	at org.testng.Assert.assertEqualsImpl(Assert.java:149)
	at org.testng.Assert.assertEquals(Assert.java:131)
	at org.testng.Assert.assertEquals(Assert.java:655)
	at stepdefinition.ArrayPage_SD.user_should_get_success_submission_message(ArrayPage_SD.java:265)
	at ?.User should get success submission message(file:///C:/Users/arunm/git/ds_algo_ninjaricos/src/test/resources/Features/TC05_Array.feature:163)
</pre></div><a href='#' onClick='toggleBox("stack-trace1528168968", this, "Click to show all stack frames", "Click to hide stack frames")'>Click to show all stack frames</a>
<div class='stack-trace' id='stack-trace1528168968'><pre>java.lang.AssertionError: User gets submission message expected [submission success] but found [ Some Tests failed. Please review code]
	at org.testng.Assert.fail(Assert.java:110)
	at org.testng.Assert.failNotEquals(Assert.java:1413)
	at org.testng.Assert.assertEqualsImpl(Assert.java:149)
	at org.testng.Assert.assertEquals(Assert.java:131)
	at org.testng.Assert.assertEquals(Assert.java:655)
	at stepdefinition.ArrayPage_SD.user_should_get_success_submission_message(ArrayPage_SD.java:265)
	at ?.User should get success submission message(file:///C:/Users/arunm/git/ds_algo_ninjaricos/src/test/resources/Features/TC05_Array.feature:163)
</pre></div></td>
<td>3</td>
<td>runner.TestRunner@55493582</td></tr>
<tr>
<td title='runner.TestRunner.runScenario()'><b>runScenario</b><br>Test class: runner.TestRunner<br>Test method: Runs Cucumber Scenarios<br>Parameters: "Validation of Submit button in Practice Questions page for Find Numbers with Even Numbers of Digits link", "Validation of Array Page"</td>
<td><div><pre>java.lang.AssertionError: User gets submission message expected [submission success] but found [Error occurred during submission]
	at org.testng.Assert.fail(Assert.java:110)
	at org.testng.Assert.failNotEquals(Assert.java:1413)
	at org.testng.Assert.assertEqualsImpl(Assert.java:149)
	at org.testng.Assert.assertEquals(Assert.java:131)
	at org.testng.Assert.assertEquals(Assert.java:655)
	at stepdefinition.ArrayPage_SD.user_should_get_success_submission_message(ArrayPage_SD.java:265)
	at ?.User should get success submission message(file:///C:/Users/arunm/git/ds_algo_ninjaricos/src/test/resources/Features/TC05_Array.feature:215)
</pre></div><a href='#' onClick='toggleBox("stack-trace1254184015", this, "Click to show all stack frames", "Click to hide stack frames")'>Click to show all stack frames</a>
<div class='stack-trace' id='stack-trace1254184015'><pre>java.lang.AssertionError: User gets submission message expected [submission success] but found [Error occurred during submission]
	at org.testng.Assert.fail(Assert.java:110)
	at org.testng.Assert.failNotEquals(Assert.java:1413)
	at org.testng.Assert.assertEqualsImpl(Assert.java:149)
	at org.testng.Assert.assertEquals(Assert.java:131)
	at org.testng.Assert.assertEquals(Assert.java:655)
	at stepdefinition.ArrayPage_SD.user_should_get_success_submission_message(ArrayPage_SD.java:265)
	at ?.User should get success submission message(file:///C:/Users/arunm/git/ds_algo_ninjaricos/src/test/resources/Features/TC05_Array.feature:215)
</pre></div></td>
<td>3</td>
<td>runner.TestRunner@55493582</td></tr>
</table><p>
<table width='100%' border='1' class='invocation-passed'>
<tr><td colspan='4' align='center'><b>PASSED TESTS</b></td></tr>
<tr><td><b>Test method</b></td>
<td><b>Attribute(s)</b></td>
<td width="30%"><b>Exception</b></td>
<td width="10%"><b>Time (seconds)</b></td>
<td><b>Instance</b></td>
</tr>
<tr>
<td title='runner.TestRunner.runScenario()'><b>runScenario</b><br>Test class: runner.TestRunner<br>Test method: Runs Cucumber Scenarios<br>Parameters: "Validation of Array page", "Validation of Array Page"</td>
<td></td>
<td>2</td>
<td>runner.TestRunner@55493582</td></tr>
<tr>
<td title='runner.TestRunner.runScenario()'><b>runScenario</b><br>Test class: runner.TestRunner<br>Test method: Runs Cucumber Scenarios<br>Parameters: "Validation of Find Numbers with Even Number of Digits link", "Validation of Array Page"</td>
<td></td>
<td>1</td>
<td>runner.TestRunner@55493582</td></tr>
<tr>
<td title='runner.TestRunner.runScenario()'><b>runScenario</b><br>Test class: runner.TestRunner<br>Test method: Runs Cucumber Scenarios<br>Parameters: "Validation of valid python code in Practice Questions page for Find Numbers with Even Numbers of Digits link", "Validation of Array Page"</td>
<td></td>
<td>3</td>
<td>runner.TestRunner@55493582</td></tr>
<tr>
<td title='runner.TestRunner.runScenario()'><b>runScenario</b><br>Test class: runner.TestRunner<br>Test method: Runs Cucumber Scenarios<br>Parameters: "Validation of valid python code in TryEditor page", "Validation of Array Page"</td>
<td></td>
<td>4</td>
<td>runner.TestRunner@55493582</td></tr>
<tr>
<td title='runner.TestRunner.runScenario()'><b>runScenario</b><br>Test class: runner.TestRunner<br>Test method: Runs Cucumber Scenarios<br>Parameters: "Validation of valid python code in TryEditor page for Applications of Array", "Validation of Array Page"</td>
<td></td>
<td>2</td>
<td>runner.TestRunner@55493582</td></tr>
<tr>
<td title='runner.TestRunner.runScenario()'><b>runScenario</b><br>Test class: runner.TestRunner<br>Test method: Runs Cucumber Scenarios<br>Parameters: "Validation of Arrays Using List link", "Validation of Array Page"</td>
<td></td>
<td>1</td>
<td>runner.TestRunner@55493582</td></tr>
<tr>
<td title='runner.TestRunner.runScenario()'><b>runScenario</b><br>Test class: runner.TestRunner<br>Test method: Runs Cucumber Scenarios<br>Parameters: "Validation of Search the Array link", "Validation of Array Page"</td>
<td></td>
<td>1</td>
<td>runner.TestRunner@55493582</td></tr>
<tr>
<td title='runner.TestRunner.runScenario()'><b>runScenario</b><br>Test class: runner.TestRunner<br>Test method: Runs Cucumber Scenarios<br>Parameters: "Validation of Max Consecutive Ones link", "Validation of Array Page"</td>
<td></td>
<td>1</td>
<td>runner.TestRunner@55493582</td></tr>
<tr>
<td title='runner.TestRunner.runScenario()'><b>runScenario</b><br>Test class: runner.TestRunner<br>Test method: Runs Cucumber Scenarios<br>Parameters: "Validation of valid python code in Practice Questions page for Max Consecutive Ones link", "Validation of Array Page"</td>
<td></td>
<td>3</td>
<td>runner.TestRunner@55493582</td></tr>
<tr>
<td title='runner.TestRunner.runScenario()'><b>runScenario</b><br>Test class: runner.TestRunner<br>Test method: Runs Cucumber Scenarios<br>Parameters: "Validation of Arrays in Python link", "Validation of Array Page"</td>
<td></td>
<td>1</td>
<td>runner.TestRunner@55493582</td></tr>
<tr>
<td title='runner.TestRunner.runScenario()'><b>runScenario</b><br>Test class: runner.TestRunner<br>Test method: Runs Cucumber Scenarios<br>Parameters: "Validation of Applications of Arrays link", "Validation of Array Page"</td>
<td></td>
<td>1</td>
<td>runner.TestRunner@55493582</td></tr>
<tr>
<td title='runner.TestRunner.runScenario()'><b>runScenario</b><br>Test class: runner.TestRunner<br>Test method: Runs Cucumber Scenarios<br>Parameters: "Validation of invalid python code in TryEditor page for Arrays Using List", "Validation of Array Page"</td>
<td></td>
<td>2</td>
<td>runner.TestRunner@55493582</td></tr>
<tr>
<td title='runner.TestRunner.runScenario()'><b>runScenario</b><br>Test class: runner.TestRunner<br>Test method: Runs Cucumber Scenarios<br>Parameters: "Validation of invalid python code in TryEditor page for Basic Operations in Lists", "Validation of Array Page"</td>
<td></td>
<td>2</td>
<td>runner.TestRunner@55493582</td></tr>
<tr>
<td title='runner.TestRunner.runScenario()'><b>runScenario</b><br>Test class: runner.TestRunner<br>Test method: Runs Cucumber Scenarios<br>Parameters: "Validation of Practice Questions link", "Validation of Array Page"</td>
<td></td>
<td>1</td>
<td>runner.TestRunner@55493582</td></tr>
<tr>
<td title='runner.TestRunner.runScenario()'><b>runScenario</b><br>Test class: runner.TestRunner<br>Test method: Runs Cucumber Scenarios<br>Parameters: "Validation of Try Here button", "Validation of Array Page"</td>
<td></td>
<td>1</td>
<td>runner.TestRunner@55493582</td></tr>
<tr>
<td title='runner.TestRunner.runScenario()'><b>runScenario</b><br>Test class: runner.TestRunner<br>Test method: Runs Cucumber Scenarios<br>Parameters: "Validation of valid python code in TryEditor page for Basic Operations in Lists", "Validation of Array Page"</td>
<td></td>
<td>2</td>
<td>runner.TestRunner@55493582</td></tr>
<tr>
<td title='runner.TestRunner.runScenario()'><b>runScenario</b><br>Test class: runner.TestRunner<br>Test method: Runs Cucumber Scenarios<br>Parameters: "Validation of valid python code in TryEditor page using Arrays Using List", "Validation of Array Page"</td>
<td></td>
<td>2</td>
<td>runner.TestRunner@55493582</td></tr>
<tr>
<td title='runner.TestRunner.runScenario()'><b>runScenario</b><br>Test class: runner.TestRunner<br>Test method: Runs Cucumber Scenarios<br>Parameters: "Validation of error message for invalid python code in TryEditor page", "Validation of Array Page"</td>
<td></td>
<td>2</td>
<td>runner.TestRunner@55493582</td></tr>
<tr>
<td title='runner.TestRunner.runScenario()'><b>runScenario</b><br>Test class: runner.TestRunner<br>Test method: Runs Cucumber Scenarios<br>Parameters: "Validation of valid python code in Practice Questions page for Search for Array link", "Validation of Array Page"</td>
<td></td>
<td>3</td>
<td>runner.TestRunner@55493582</td></tr>
<tr>
<td title='runner.TestRunner.runScenario()'><b>runScenario</b><br>Test class: runner.TestRunner<br>Test method: Runs Cucumber Scenarios<br>Parameters: "Validation of Basic Operations in Lists link", "Validation of Array Page"</td>
<td></td>
<td>1</td>
<td>runner.TestRunner@55493582</td></tr>
<tr>
<td title='runner.TestRunner.runScenario()'><b>runScenario</b><br>Test class: runner.TestRunner<br>Test method: Runs Cucumber Scenarios<br>Parameters: "Validation of Squares of a Sorted Array link", "Validation of Array Page"</td>
<td></td>
<td>1</td>
<td>runner.TestRunner@55493582</td></tr>
<tr>
<td title='runner.TestRunner.runScenario()'><b>runScenario</b><br>Test class: runner.TestRunner<br>Test method: Runs Cucumber Scenarios<br>Parameters: "Validation of valid python code in Practice Questions page for Find Numbers with Even Numbers of Digits link", "Validation of Array Page"</td>
<td></td>
<td>3</td>
<td>runner.TestRunner@55493582</td></tr>
<tr>
<td title='runner.TestRunner.runScenario()'><b>runScenario</b><br>Test class: runner.TestRunner<br>Test method: Runs Cucumber Scenarios<br>Parameters: "Validation of Try Here button", "Validation of Array Page"</td>
<td></td>
<td>2</td>
<td>runner.TestRunner@55493582</td></tr>
</table><p>
</body>
</html>