<?xml version="1.0" encoding="UTF-8"?>
<!-- Generated by org.testng.reporters.JUnitReportReporter -->
<testsuite hostname="DESKTOP-RJ5O4JI" failures="4" tests="27" name="runner.TestRunner" time="68.214" errors="0" timestamp="2023-02-07T22:36:04 EST" skipped="0">
  <testcase classname="runner.TestRunner" name="runScenario" time="2.757"/>
  <system-out/>
  <testcase classname="runner.TestRunner" name="runScenario" time="4.174">
    <failure message="User gets submission message expected [submission success] but found [ Some Tests failed. Please review code]" type="java.lang.AssertionError">
      <![CDATA[java.lang.AssertionError: User gets submission message expected [submission success] but found [ Some Tests failed. Please review code]
at org.testng.Assert.fail(Assert.java:110)
at org.testng.Assert.failNotEquals(Assert.java:1413)
at org.testng.Assert.assertEqualsImpl(Assert.java:149)
at org.testng.Assert.assertEquals(Assert.java:131)
at org.testng.Assert.assertEquals(Assert.java:655)
at stepdefinition.ArrayPage_SD.user_should_get_success_submission_message(ArrayPage_SD.java:265)
at ✽.User should get success submission message(file:///C:/Users/arunm/git/ds_algo_ninjaricos/src/test/resources/Features/TC05_Array.feature:189)
]]>
    </failure>
  </testcase> <!-- runScenario -->
  <system-out/>
  <testcase classname="runner.TestRunner" name="runScenario" time="3.088"/>
  <system-out/>
  <testcase classname="runner.TestRunner" name="runScenario" time="4.017"/>
  <system-out/>
  <testcase classname="runner.TestRunner" name="runScenario" time="2.219"/>
  <system-out/>
  <testcase classname="runner.TestRunner" name="runScenario" time="3.913">
    <failure message="User gets submission message expected [submission success] but found [ No tests were collected]" type="java.lang.AssertionError">
      <![CDATA[java.lang.AssertionError: User gets submission message expected [submission success] but found [ No tests were collected]
at org.testng.Assert.fail(Assert.java:110)
at org.testng.Assert.failNotEquals(Assert.java:1413)
at org.testng.Assert.assertEqualsImpl(Assert.java:149)
at org.testng.Assert.assertEquals(Assert.java:131)
at org.testng.Assert.assertEquals(Assert.java:655)
at stepdefinition.ArrayPage_SD.user_should_get_success_submission_message(ArrayPage_SD.java:265)
at ✽.User should get success submission message(file:///C:/Users/arunm/git/ds_algo_ninjaricos/src/test/resources/Features/TC05_Array.feature:241)
]]>
    </failure>
  </testcase> <!-- runScenario -->
  <system-out/>
  <testcase classname="runner.TestRunner" name="runScenario" time="1.553"/>
  <system-out/>
  <testcase classname="runner.TestRunner" name="runScenario" time="1.824"/>
  <system-out/>
  <testcase classname="runner.TestRunner" name="runScenario" time="1.869"/>
  <system-out/>
  <testcase classname="runner.TestRunner" name="runScenario" time="3.820">
    <failure message="User gets submission message expected [submission success] but found [Error occurred during submission]" type="java.lang.AssertionError">
      <![CDATA[java.lang.AssertionError: User gets submission message expected [submission success] but found [Error occurred during submission]
at org.testng.Assert.fail(Assert.java:110)
at org.testng.Assert.failNotEquals(Assert.java:1413)
at org.testng.Assert.assertEqualsImpl(Assert.java:149)
at org.testng.Assert.assertEquals(Assert.java:131)
at org.testng.Assert.assertEquals(Assert.java:655)
at stepdefinition.ArrayPage_SD.user_should_get_success_submission_message(ArrayPage_SD.java:265)
at ✽.User should get success submission message(file:///C:/Users/arunm/git/ds_algo_ninjaricos/src/test/resources/Features/TC05_Array.feature:215)
]]>
    </failure>
  </testcase> <!-- runScenario -->
  <system-out/>
  <testcase classname="runner.TestRunner" name="runScenario" time="2.371"/>
  <system-out/>
  <testcase classname="runner.TestRunner" name="runScenario" time="2.480"/>
  <system-out/>
  <testcase classname="runner.TestRunner" name="runScenario" time="1.632"/>
  <system-out/>
  <testcase classname="runner.TestRunner" name="runScenario" time="1.665"/>
  <system-out/>
  <testcase classname="runner.TestRunner" name="runScenario" time="3.243"/>
  <system-out/>
  <testcase classname="runner.TestRunner" name="runScenario" time="2.133"/>
  <system-out/>
  <testcase classname="runner.TestRunner" name="runScenario" time="3.893">
    <failure message="User gets submission message expected [submission success] but found [ Some Tests failed. Please review code]" type="java.lang.AssertionError">
      <![CDATA[java.lang.AssertionError: User gets submission message expected [submission success] but found [ Some Tests failed. Please review code]
at org.testng.Assert.fail(Assert.java:110)
at org.testng.Assert.failNotEquals(Assert.java:1413)
at org.testng.Assert.assertEqualsImpl(Assert.java:149)
at org.testng.Assert.assertEquals(Assert.java:131)
at org.testng.Assert.assertEquals(Assert.java:655)
at stepdefinition.ArrayPage_SD.user_should_get_success_submission_message(ArrayPage_SD.java:265)
at ✽.User should get success submission message(file:///C:/Users/arunm/git/ds_algo_ninjaricos/src/test/resources/Features/TC05_Array.feature:163)
]]>
    </failure>
  </testcase> <!-- runScenario -->
  <system-out/>
  <testcase classname="runner.TestRunner" name="runScenario" time="1.546"/>
  <system-out/>
  <testcase classname="runner.TestRunner" name="runScenario" time="1.597"/>
  <system-out/>
  <testcase classname="runner.TestRunner" name="runScenario" time="3.724"/>
  <system-out/>
  <testcase classname="runner.TestRunner" name="runScenario" time="1.901"/>
  <system-out/>
  <testcase classname="runner.TestRunner" name="runScenario" time="2.131"/>
  <system-out/>
  <testcase classname="runner.TestRunner" name="runScenario" time="2.244"/>
  <system-out/>
  <testcase classname="runner.TestRunner" name="runScenario" time="1.518"/>
  <system-out/>
  <testcase classname="runner.TestRunner" name="runScenario" time="1.732"/>
  <system-out/>
  <testcase classname="runner.TestRunner" name="runScenario" time="2.148"/>
  <system-out/>
  <testcase classname="runner.TestRunner" name="runScenario" time="3.022"/>
  <system-out/>
</testsuite> <!-- runner.TestRunner -->
